Base path: /Applications/Unity/Unity.app/Contents
Pipe name: \\.\pipe\UnityShaderCompiler-4--1332412416
Cmd: getPlatforms
Cmd: compileSnippet
  api=8 type=0 insize=451 outsize=2348 kw= ok=1
Cmd: compileSnippet
  api=1 type=1 insize=451 outsize=999 kw= ok=1
Cmd: compileSnippet
  api=8 type=0 insize=478 outsize=2649 kw= ok=1
Cmd: compileSnippet
  api=4 type=1 insize=478 outsize=1786 kw= ok=1
Cmd: compileSnippet
  api=4 type=0 insize=451 outsize=1656 kw= ok=1
Cmd: compileSnippet
  api=1 type=1 insize=451 outsize=999 kw= ok=1
Cmd: compileSnippet
  api=4 type=0 insize=478 outsize=1892 kw= ok=1
Cmd: compileSnippet
  api=1 type=1 insize=478 outsize=456 kw= ok=1
Cmd: compileSnippet
  api=1 type=0 insize=1064 outsize=171 kw= ok=1
Cmd: compileSnippet
  api=8 type=1 insize=1064 outsize=1048 kw= ok=1
Cmd: compileSnippet
  api=4 type=0 insize=1064 outsize=1274 kw= ok=1
Cmd: compileSnippet
  api=4 type=1 insize=1064 outsize=754 kw= ok=1
End of pipe

Quitting shader compiler process
