Base path: /Applications/Unity/Unity.app/Contents
Pipe name: \\.\pipe\UnityShaderCompiler-3--1331347456
Cmd: getPlatforms
Cmd: compileSnippet
  api=4 type=0 insize=451 outsize=1656 kw= ok=1
Cmd: compileSnippet
  api=4 type=1 insize=451 outsize=1810 kw= ok=1
Cmd: compileSnippet
  api=1 type=0 insize=478 outsize=270 kw= ok=1
Cmd: compileSnippet
  api=8 type=1 insize=478 outsize=2682 kw= ok=1
Cmd: compileSnippet
  api=8 type=0 insize=451 outsize=2348 kw= ok=1
Cmd: compileSnippet
  api=4 type=1 insize=451 outsize=1810 kw= ok=1
Cmd: compileSnippet
  api=1 type=0 insize=478 outsize=270 kw= ok=1
Cmd: compileSnippet
  api=8 type=1 insize=478 outsize=2682 kw= ok=1
Cmd: compileSnippet
  api=4 type=0 insize=1064 outsize=1274 kw= ok=1
Cmd: compileSnippet
  api=1 type=1 insize=1064 outsize=84 kw= ok=1
Cmd: compileSnippet
  api=8 type=0 insize=1064 outsize=1812 kw= ok=1
Cmd: compileSnippet
  api=1 type=1 insize=1064 outsize=84 kw= ok=1
End of pipe

Quitting shader compiler process
